<?xml version="1.0" encoding="UTF-8"?>
<!-- Generated by org.testng.reporters.JUnitReportReporter -->
<testsuite skipped="0" hostname="home" name="pack1.C9" tests="4" failures="0" timestamp="15 May 2018 05:27:10 GMT" time="0.020" errors="0">
  <testcase name="login" time="0.003" classname="pack1.C9"/>
  <testcase name="login" time="0.003" classname="pack1.C9"/>
  <testcase name="login" time="0.011" classname="pack1.C9"/>
  <testcase name="login" time="0.003" classname="pack1.C9"/>
</testsuite> <!-- pack1.C9 -->
