<?xml version="1.0" encoding="UTF-8"?>
<!-- Generated by org.testng.reporters.JUnitReportReporter -->
<testsuite skipped="0" hostname="home" name="pack1.TC1_Login2" tests="4" failures="0" timestamp="15 May 2018 05:27:10 GMT" time="54.045" errors="0">
  <testcase name="login" time="12.986" classname="pack1.TC1_Login2"/>
  <testcase name="login" time="15.160" classname="pack1.TC1_Login2"/>
  <testcase name="login" time="12.755" classname="pack1.TC1_Login2"/>
  <testcase name="login" time="13.144" classname="pack1.TC1_Login2"/>
</testsuite> <!-- pack1.TC1_Login2 -->
